%!Adobe-FontList 1.16
%Locale:0x809

%BeginFont
Handler:DirectoryHandler
FontType:CMap
CMapName:Identity-H
Registry:Adobe
Ordering:Identity
OutlineFileName:C:\Program Files (x86)\Adobe\Acrobat Reader DC\Resource\CMap\Identity-H
FileLength:8228
FileModTime:1426552452
%EndFont

%BeginFont
Handler:DirectoryHandler
FontType:CMap
CMapName:Identity-V
Registry:Adobe
Ordering:Identity
UseCMap:Identity-H
OutlineFileName:C:\Program Files (x86)\Adobe\Acrobat Reader DC\Resource\CMap\Identity-V
FileLength:2761
FileModTime:1426552452
%EndFont

